2017-11-10 16:53:10,020 ERROR [com.alibaba.dubbo.rpc.filter.ExceptionFilter] -  [DUBBO] Got unchecked and undeclared exception which called by 192.168.29.1. service: cn.mldn.dibmp.service.IFinancialService, method: submitApply, exception: org.springframework.jdbc.BadSqlGrammarException: 
### Error updating database.  Cause: com.mysql.jdbc.exceptions.jdbc4.MySQLSyntaxErrorException: Unknown column 'said2' in 'where clause'
### The error may involve cn.mldn.dibmp.dao.IStorageApplyDAO.updateStatusTo2-Inline
### The error occurred while setting parameters
### SQL: update storage_apply set status=2 where said2 =?
### Cause: com.mysql.jdbc.exceptions.jdbc4.MySQLSyntaxErrorException: Unknown column 'said2' in 'where clause'
; bad SQL grammar []; nested exception is com.mysql.jdbc.exceptions.jdbc4.MySQLSyntaxErrorException: Unknown column 'said2' in 'where clause', dubbo version: 2.5.6, current host: 192.168.29.1
org.springframework.jdbc.BadSqlGrammarException: 
### Error updating database.  Cause: com.mysql.jdbc.exceptions.jdbc4.MySQLSyntaxErrorException: Unknown column 'said2' in 'where clause'
### The error may involve cn.mldn.dibmp.dao.IStorageApplyDAO.updateStatusTo2-Inline
### The error occurred while setting parameters
### SQL: update storage_apply set status=2 where said2 =?
### Cause: com.mysql.jdbc.exceptions.jdbc4.MySQLSyntaxErrorException: Unknown column 'said2' in 'where clause'
; bad SQL grammar []; nested exception is com.mysql.jdbc.exceptions.jdbc4.MySQLSyntaxErrorException: Unknown column 'said2' in 'where clause'
	at org.springframework.jdbc.support.SQLErrorCodeSQLExceptionTranslator.doTranslate(SQLErrorCodeSQLExceptionTranslator.java:235)
	at org.springframework.jdbc.support.AbstractFallbackSQLExceptionTranslator.translate(AbstractFallbackSQLExceptionTranslator.java:72)
	at org.mybatis.spring.MyBatisExceptionTranslator.translateExceptionIfPossible(MyBatisExceptionTranslator.java:73)
	at org.mybatis.spring.SqlSessionTemplate$SqlSessionInterceptor.invoke(SqlSessionTemplate.java:446)
	at com.sun.proxy.$Proxy17.update(Unknown Source)
	at org.mybatis.spring.SqlSessionTemplate.update(SqlSessionTemplate.java:294)
	at org.apache.ibatis.binding.MapperMethod.execute(MapperMethod.java:62)
	at org.apache.ibatis.binding.MapperProxy.invoke(MapperProxy.java:59)
	at com.sun.proxy.$Proxy21.updateStatusTo2(Unknown Source)
	at cn.mldn.dibmp.service.impl.FinancialServiceImpl.submitApply(FinancialServiceImpl.java:171)
	at sun.reflect.NativeMethodAccessorImpl.invoke0(Native Method)
	at sun.reflect.NativeMethodAccessorImpl.invoke(NativeMethodAccessorImpl.java:62)
	at sun.reflect.DelegatingMethodAccessorImpl.invoke(DelegatingMethodAccessorImpl.java:43)
	at java.lang.reflect.Method.invoke(Method.java:497)
	at org.springframework.aop.support.AopUtils.invokeJoinpointUsingReflection(AopUtils.java:338)
	at org.springframework.aop.framework.ReflectiveMethodInvocation.invokeJoinpoint(ReflectiveMethodInvocation.java:197)
	at org.springframework.aop.framework.ReflectiveMethodInvocation.proceed(ReflectiveMethodInvocation.java:163)
	at org.springframework.transaction.interceptor.TransactionAspectSupport.invokeWithinTransaction(TransactionAspectSupport.java:294)
	at org.springframework.transaction.interceptor.TransactionInterceptor.invoke(TransactionInterceptor.java:98)
	at org.springframework.aop.framework.ReflectiveMethodInvocation.proceed(ReflectiveMethodInvocation.java:185)
	at org.springframework.aop.interceptor.ExposeInvocationInterceptor.invoke(ExposeInvocationInterceptor.java:92)
	at org.springframework.aop.framework.ReflectiveMethodInvocation.proceed(ReflectiveMethodInvocation.java:185)
	at org.springframework.aop.framework.JdkDynamicAopProxy.invoke(JdkDynamicAopProxy.java:212)
	at com.sun.proxy.$Proxy25.submitApply(Unknown Source)
	at com.alibaba.dubbo.common.bytecode.Wrapper1.invokeMethod(Wrapper1.java)
	at com.alibaba.dubbo.rpc.proxy.javassist.JavassistProxyFactory$1.doInvoke(JavassistProxyFactory.java:46)
	at com.alibaba.dubbo.rpc.proxy.AbstractProxyInvoker.invoke(AbstractProxyInvoker.java:72)
	at com.alibaba.dubbo.rpc.protocol.InvokerWrapper.invoke(InvokerWrapper.java:53)
	at com.alibaba.dubbo.rpc.filter.ExceptionFilter.invoke(ExceptionFilter.java:64)
	at com.alibaba.dubbo.rpc.protocol.ProtocolFilterWrapper$1.invoke(ProtocolFilterWrapper.java:69)
	at com.alibaba.dubbo.monitor.support.MonitorFilter.invoke(MonitorFilter.java:75)
	at com.alibaba.dubbo.rpc.protocol.ProtocolFilterWrapper$1.invoke(ProtocolFilterWrapper.java:69)
	at com.alibaba.dubbo.rpc.filter.TimeoutFilter.invoke(TimeoutFilter.java:42)
	at com.alibaba.dubbo.rpc.protocol.ProtocolFilterWrapper$1.invoke(ProtocolFilterWrapper.java:69)
	at com.alibaba.dubbo.rpc.protocol.dubbo.filter.TraceFilter.invoke(TraceFilter.java:78)
	at com.alibaba.dubbo.rpc.protocol.ProtocolFilterWrapper$1.invoke(ProtocolFilterWrapper.java:69)
	at com.alibaba.dubbo.rpc.filter.ContextFilter.invoke(ContextFilter.java:61)
	at com.alibaba.dubbo.rpc.protocol.ProtocolFilterWrapper$1.invoke(ProtocolFilterWrapper.java:69)
	at com.alibaba.dubbo.rpc.filter.GenericFilter.invoke(GenericFilter.java:132)
	at com.alibaba.dubbo.rpc.protocol.ProtocolFilterWrapper$1.invoke(ProtocolFilterWrapper.java:69)
	at com.alibaba.dubbo.rpc.filter.ClassLoaderFilter.invoke(ClassLoaderFilter.java:38)
	at com.alibaba.dubbo.rpc.protocol.ProtocolFilterWrapper$1.invoke(ProtocolFilterWrapper.java:69)
	at com.alibaba.dubbo.rpc.filter.EchoFilter.invoke(EchoFilter.java:38)
	at com.alibaba.dubbo.rpc.protocol.ProtocolFilterWrapper$1.invoke(ProtocolFilterWrapper.java:69)
	at com.alibaba.dubbo.rpc.protocol.dubbo.DubboProtocol$1.reply(DubboProtocol.java:100)
	at com.alibaba.dubbo.remoting.exchange.support.header.HeaderExchangeHandler.handleRequest(HeaderExchangeHandler.java:98)
	at com.alibaba.dubbo.remoting.exchange.support.header.HeaderExchangeHandler.received(HeaderExchangeHandler.java:170)
	at com.alibaba.dubbo.remoting.transport.DecodeHandler.received(DecodeHandler.java:52)
	at com.alibaba.dubbo.remoting.transport.dispatcher.ChannelEventRunnable.run(ChannelEventRunnable.java:81)
	at java.util.concurrent.ThreadPoolExecutor.runWorker(ThreadPoolExecutor.java:1142)
	at java.util.concurrent.ThreadPoolExecutor$Worker.run(ThreadPoolExecutor.java:617)
	at java.lang.Thread.run(Thread.java:745)
Caused by: com.mysql.jdbc.exceptions.jdbc4.MySQLSyntaxErrorException: Unknown column 'said2' in 'where clause'
	at sun.reflect.NativeConstructorAccessorImpl.newInstance0(Native Method)
	at sun.reflect.NativeConstructorAccessorImpl.newInstance(NativeConstructorAccessorImpl.java:62)
	at sun.reflect.DelegatingConstructorAccessorImpl.newInstance(DelegatingConstructorAccessorImpl.java:45)
	at java.lang.reflect.Constructor.newInstance(Constructor.java:422)
	at com.mysql.jdbc.Util.handleNewInstance(Util.java:406)
	at com.mysql.jdbc.Util.getInstance(Util.java:381)
	at com.mysql.jdbc.SQLError.createSQLException(SQLError.java:1031)
	at com.mysql.jdbc.SQLError.createSQLException(SQLError.java:957)
	at com.mysql.jdbc.MysqlIO.checkErrorPacket(MysqlIO.java:3376)
	at com.mysql.jdbc.MysqlIO.checkErrorPacket(MysqlIO.java:3308)
	at com.mysql.jdbc.MysqlIO.sendCommand(MysqlIO.java:1837)
	at com.mysql.jdbc.MysqlIO.sqlQueryDirect(MysqlIO.java:1961)
	at com.mysql.jdbc.ConnectionImpl.execSQL(ConnectionImpl.java:2543)
	at com.mysql.jdbc.PreparedStatement.executeInternal(PreparedStatement.java:1737)
	at com.mysql.jdbc.PreparedStatement.execute(PreparedStatement.java:998)
	at com.alibaba.druid.filter.FilterChainImpl.preparedStatement_execute(FilterChainImpl.java:3051)
	at com.alibaba.druid.filter.FilterEventAdapter.preparedStatement_execute(FilterEventAdapter.java:440)
	at com.alibaba.druid.filter.FilterChainImpl.preparedStatement_execute(FilterChainImpl.java:3049)
	at com.alibaba.druid.proxy.jdbc.PreparedStatementProxyImpl.execute(PreparedStatementProxyImpl.java:167)
	at com.alibaba.druid.pool.DruidPooledPreparedStatement.execute(DruidPooledPreparedStatement.java:494)
	at sun.reflect.GeneratedMethodAccessor11.invoke(Unknown Source)
	at sun.reflect.DelegatingMethodAccessorImpl.invoke(DelegatingMethodAccessorImpl.java:43)
	at java.lang.reflect.Method.invoke(Method.java:497)
	at org.apache.ibatis.logging.jdbc.PreparedStatementLogger.invoke(PreparedStatementLogger.java:59)
	at com.sun.proxy.$Proxy27.execute(Unknown Source)
	at org.apache.ibatis.executor.statement.PreparedStatementHandler.update(PreparedStatementHandler.java:46)
	at org.apache.ibatis.executor.statement.RoutingStatementHandler.update(RoutingStatementHandler.java:74)
	at org.apache.ibatis.executor.SimpleExecutor.doUpdate(SimpleExecutor.java:50)
	at org.apache.ibatis.executor.BaseExecutor.update(BaseExecutor.java:117)
	at org.apache.ibatis.executor.CachingExecutor.update(CachingExecutor.java:76)
	at org.apache.ibatis.session.defaults.DefaultSqlSession.update(DefaultSqlSession.java:198)
	at sun.reflect.NativeMethodAccessorImpl.invoke0(Native Method)
	at sun.reflect.NativeMethodAccessorImpl.invoke(NativeMethodAccessorImpl.java:62)
	at sun.reflect.DelegatingMethodAccessorImpl.invoke(DelegatingMethodAccessorImpl.java:43)
	at java.lang.reflect.Method.invoke(Method.java:497)
	at org.mybatis.spring.SqlSessionTemplate$SqlSessionInterceptor.invoke(SqlSessionTemplate.java:433)
	... 48 more
2017-11-10 16:53:49,066 INFO [com.alibaba.dubbo.common.logger.LoggerFactory] - using logger: com.alibaba.dubbo.common.logger.log4j.Log4jLoggerAdapter
2017-11-10 16:53:49,308 INFO [com.alibaba.dubbo.container.Main] -  [DUBBO] Use container type([spring]) to run dubbo serivce., dubbo version: 2.5.6, current host: 127.0.0.1
2017-11-10 16:53:51,201 ERROR [com.alibaba.dubbo.container.Main] -  [DUBBO] Line 31 in XML document from file [D:\eclipse-workspace_2\dibmp\dibmp-service-financial\target\classes\META-INF\spring\spring-transaction.xml] is invalid; nested exception is org.xml.sax.SAXParseException; lineNumber: 31; columnNumber: 19; cvc-complex-type.2.3: Element 'tx:attributes' cannot have character [children], because the type's content type is element-only., dubbo version: 2.5.6, current host: 127.0.0.1
org.springframework.beans.factory.xml.XmlBeanDefinitionStoreException: Line 31 in XML document from file [D:\eclipse-workspace_2\dibmp\dibmp-service-financial\target\classes\META-INF\spring\spring-transaction.xml] is invalid; nested exception is org.xml.sax.SAXParseException; lineNumber: 31; columnNumber: 19; cvc-complex-type.2.3: Element 'tx:attributes' cannot have character [children], because the type's content type is element-only.
	at org.springframework.beans.factory.xml.XmlBeanDefinitionReader.doLoadBeanDefinitions(XmlBeanDefinitionReader.java:398)
	at org.springframework.beans.factory.xml.XmlBeanDefinitionReader.loadBeanDefinitions(XmlBeanDefinitionReader.java:335)
	at org.springframework.beans.factory.xml.XmlBeanDefinitionReader.loadBeanDefinitions(XmlBeanDefinitionReader.java:303)
	at org.springframework.beans.factory.support.AbstractBeanDefinitionReader.loadBeanDefinitions(AbstractBeanDefinitionReader.java:187)
	at org.springframework.beans.factory.support.AbstractBeanDefinitionReader.loadBeanDefinitions(AbstractBeanDefinitionReader.java:223)
	at org.springframework.beans.factory.support.AbstractBeanDefinitionReader.loadBeanDefinitions(AbstractBeanDefinitionReader.java:194)
	at org.springframework.beans.factory.support.AbstractBeanDefinitionReader.loadBeanDefinitions(AbstractBeanDefinitionReader.java:258)
	at org.springframework.context.support.AbstractXmlApplicationContext.loadBeanDefinitions(AbstractXmlApplicationContext.java:128)
	at org.springframework.context.support.AbstractXmlApplicationContext.loadBeanDefinitions(AbstractXmlApplicationContext.java:94)
	at org.springframework.context.support.AbstractRefreshableApplicationContext.refreshBeanFactory(AbstractRefreshableApplicationContext.java:133)
	at org.springframework.context.support.AbstractApplicationContext.obtainFreshBeanFactory(AbstractApplicationContext.java:620)
	at org.springframework.context.support.AbstractApplicationContext.refresh(AbstractApplicationContext.java:521)
	at org.springframework.context.support.ClassPathXmlApplicationContext.<init>(ClassPathXmlApplicationContext.java:144)
	at org.springframework.context.support.ClassPathXmlApplicationContext.<init>(ClassPathXmlApplicationContext.java:95)
	at com.alibaba.dubbo.container.spring.SpringContainer.start(SpringContainer.java:46)
	at com.alibaba.dubbo.container.Main.main(Main.java:86)
	at cn.mldn.dibmp.service.main.ProviderStartupFinancialService.main(ProviderStartupFinancialService.java:7)
Caused by: org.xml.sax.SAXParseException; lineNumber: 31; columnNumber: 19; cvc-complex-type.2.3: Element 'tx:attributes' cannot have character [children], because the type's content type is element-only.
	at com.sun.org.apache.xerces.internal.util.ErrorHandlerWrapper.createSAXParseException(ErrorHandlerWrapper.java:203)
	at com.sun.org.apache.xerces.internal.util.ErrorHandlerWrapper.error(ErrorHandlerWrapper.java:134)
	at com.sun.org.apache.xerces.internal.impl.XMLErrorReporter.reportError(XMLErrorReporter.java:437)
	at com.sun.org.apache.xerces.internal.impl.XMLErrorReporter.reportError(XMLErrorReporter.java:368)
	at com.sun.org.apache.xerces.internal.impl.XMLErrorReporter.reportError(XMLErrorReporter.java:325)
	at com.sun.org.apache.xerces.internal.impl.xs.XMLSchemaValidator$XSIErrorReporter.reportError(XMLSchemaValidator.java:458)
	at com.sun.org.apache.xerces.internal.impl.xs.XMLSchemaValidator.reportSchemaError(XMLSchemaValidator.java:3237)
	at com.sun.org.apache.xerces.internal.impl.xs.XMLSchemaValidator.elementLocallyValidComplexType(XMLSchemaValidator.java:3200)
	at com.sun.org.apache.xerces.internal.impl.xs.XMLSchemaValidator.elementLocallyValidType(XMLSchemaValidator.java:3160)
	at com.sun.org.apache.xerces.internal.impl.xs.XMLSchemaValidator.processElementContent(XMLSchemaValidator.java:3062)
	at com.sun.org.apache.xerces.internal.impl.xs.XMLSchemaValidator.handleEndElement(XMLSchemaValidator.java:2140)
	at com.sun.org.apache.xerces.internal.impl.xs.XMLSchemaValidator.endElement(XMLSchemaValidator.java:859)
	at com.sun.org.apache.xerces.internal.impl.XMLDocumentFragmentScannerImpl.scanEndElement(XMLDocumentFragmentScannerImpl.java:1782)
	at com.sun.org.apache.xerces.internal.impl.XMLDocumentFragmentScannerImpl$FragmentContentDriver.next(XMLDocumentFragmentScannerImpl.java:2973)
	at com.sun.org.apache.xerces.internal.impl.XMLDocumentScannerImpl.next(XMLDocumentScannerImpl.java:606)
	at com.sun.org.apache.xerces.internal.impl.XMLNSDocumentScannerImpl.next(XMLNSDocumentScannerImpl.java:117)
	at com.sun.org.apache.xerces.internal.impl.XMLDocumentFragmentScannerImpl.scanDocument(XMLDocumentFragmentScannerImpl.java:510)
	at com.sun.org.apache.xerces.internal.parsers.XML11Configuration.parse(XML11Configuration.java:848)
	at com.sun.org.apache.xerces.internal.parsers.XML11Configuration.parse(XML11Configuration.java:777)
	at com.sun.org.apache.xerces.internal.parsers.XMLParser.parse(XMLParser.java:141)
	at com.sun.org.apache.xerces.internal.parsers.DOMParser.parse(DOMParser.java:243)
	at com.sun.org.apache.xerces.internal.jaxp.DocumentBuilderImpl.parse(DocumentBuilderImpl.java:348)
	at org.springframework.beans.factory.xml.DefaultDocumentLoader.loadDocument(DefaultDocumentLoader.java:77)
	at org.springframework.beans.factory.xml.XmlBeanDefinitionReader.doLoadDocument(XmlBeanDefinitionReader.java:428)
	at org.springframework.beans.factory.xml.XmlBeanDefinitionReader.doLoadBeanDefinitions(XmlBeanDefinitionReader.java:390)
	... 16 more
2017-11-10 16:55:45,316 INFO [com.alibaba.dubbo.common.logger.LoggerFactory] - using logger: com.alibaba.dubbo.common.logger.log4j.Log4jLoggerAdapter
2017-11-10 16:55:45,604 INFO [com.alibaba.dubbo.container.Main] -  [DUBBO] Use container type([spring]) to run dubbo serivce., dubbo version: 2.5.6, current host: 127.0.0.1
2017-11-10 16:55:54,055 INFO [com.alibaba.dubbo.registry.zookeeper.ZookeeperRegistry] -  [DUBBO] Load registry store file C:\Users\syuutou\.dubbo\dubbo-registry-192.168.28.85.cache, data: {cn.mldn.dibmp.service.IMemberService:dev=empty://192.168.29.1/cn.mldn.dibmp.service.IMemberService?application=mldn-service-test&category=configurators&dubbo=2.5.6&interface=cn.mldn.dibmp.service.IMemberService&methods=getRoleAndActionByMember,get&pid=5136&revision=0.0.1&side=consumer&timestamp=1510301350459&version=dev empty://192.168.29.1/cn.mldn.dibmp.service.IMemberService?application=mldn-service-test&category=routers&dubbo=2.5.6&interface=cn.mldn.dibmp.service.IMemberService&methods=getRoleAndActionByMember,get&pid=5136&revision=0.0.1&side=consumer&timestamp=1510301350459&version=dev dubbo://192.168.29.1:9327/cn.mldn.dibmp.service.IMemberService?anyhost=true&application=mldn-service-member&default.timeout=10000000&dubbo=2.5.6&generic=false&interface=cn.mldn.dibmp.service.IMemberService&methods=getRoleAndActionByMember,get&pid=7504&revision=dev&side=provider&timestamp=1510295543162&version=dev, r&timestamp=1510130544699&version=dev=, cn.mldn.mldndubbo.service.IMessageService:dev=empty://192.168.29.1/cn.mldn.mldndubbo.service.IMessageService?application=mldn-service-test&category=configurators&dubbo=2.5.6&interface=cn.mldn.mldndubbo.service.IMessageService&methods=echo&pid=11236&revision=dev&side=consumer&timestamp=1509808899069&version=dev empty://192.168.29.1/cn.mldn.mldndubbo.service.IMessageService?application=mldn-service-test&category=routers&dubbo=2.5.6&interface=cn.mldn.mldndubbo.service.IMessageService&methods=echo&pid=11236&revision=dev&side=consumer&timestamp=1509808899069&version=dev dubbo://192.168.29.1:9327/cn.mldn.mldndubbo.service.IMessageService?anyhost=true&application=mldn-service&default.timeout=10000000&dubbo=2.5.6&generic=false&interface=cn.mldn.mldndubbo.service.IMessageService&methods=echo&pid=4112&revision=dev&side=provider&timestamp=1509808870612&version=dev, cn.mldn.dibmp.service.IFinancialService:dev=empty://192.168.29.1/cn.mldn.dibmp.service.IFinancialService?application=mldn-service-test&category=configurators&dubbo=2.5.6&interface=cn.mldn.dibmp.service.IFinancialService&methods=listStorageApplyDetails,addStorageApply,listSplitStorageRecord,getStorageApplyBySaid,listSplitStorageApply,addStorageRecord,listStorageApplysAll,listStorageRecordsAll,submitApply&pid=5136&revision=0.0.1&side=consumer&timestamp=1510301352516&version=dev empty://192.168.29.1/cn.mldn.dibmp.service.IFinancialService?application=mldn-service-test&category=routers&dubbo=2.5.6&interface=cn.mldn.dibmp.service.IFinancialService&methods=listStorageApplyDetails,addStorageApply,listSplitStorageRecord,getStorageApplyBySaid,listSplitStorageApply,addStorageRecord,listStorageApplysAll,listStorageRecordsAll,submitApply&pid=5136&revision=0.0.1&side=consumer&timestamp=1510301352516&version=dev empty://192.168.29.1/cn.mldn.dibmp.service.IFinancialService?application=mldn-service-test&category=providers&dubbo=2.5.6&interface=cn.mldn.dibmp.service.IFinancialService&methods=listStorageApplyDetails,addStorageApply,listSplitStorageRecord,getStorageApplyBySaid,listSplitStorageApply,addStorageRecord,listStorageApplysAll,listStorageRecordsAll,submitApply&pid=5136&revision=0.0.1&side=consumer&timestamp=1510301352516&version=dev}, dubbo version: 2.5.6, current host: 127.0.0.1
2017-11-10 16:55:55,031 INFO [com.alibaba.dubbo.registry.zookeeper.ZookeeperRegistry] -  [DUBBO] Register: consumer://192.168.29.1/cn.mldn.dibmp.service.IMemberService?application=mldn-service-member&category=consumers&check=false&dubbo=2.5.6&interface=cn.mldn.dibmp.service.IMemberService&methods=getRoleAndActionByMember,get&pid=5572&revision=dev&side=consumer&timestamp=1510304153873&version=dev, dubbo version: 2.5.6, current host: 192.168.29.1
2017-11-10 16:55:55,348 INFO [com.alibaba.dubbo.registry.zookeeper.ZookeeperRegistry] -  [DUBBO] Subscribe: consumer://192.168.29.1/cn.mldn.dibmp.service.IMemberService?application=mldn-service-member&category=providers,configurators,routers&dubbo=2.5.6&interface=cn.mldn.dibmp.service.IMemberService&methods=getRoleAndActionByMember,get&pid=5572&revision=dev&side=consumer&timestamp=1510304153873&version=dev, dubbo version: 2.5.6, current host: 192.168.29.1
2017-11-10 16:55:55,854 INFO [com.alibaba.dubbo.registry.zookeeper.ZookeeperRegistry] -  [DUBBO] Notify urls for subscribe url consumer://192.168.29.1/cn.mldn.dibmp.service.IMemberService?application=mldn-service-member&category=providers,configurators,routers&dubbo=2.5.6&interface=cn.mldn.dibmp.service.IMemberService&methods=getRoleAndActionByMember,get&pid=5572&revision=dev&side=consumer&timestamp=1510304153873&version=dev, urls: [dubbo://192.168.29.1:9327/cn.mldn.dibmp.service.IMemberService?anyhost=true&application=mldn-service-member&default.timeout=10000000&dubbo=2.5.6&generic=false&interface=cn.mldn.dibmp.service.IMemberService&methods=getRoleAndActionByMember,get&pid=7504&revision=dev&side=provider&timestamp=1510295543162&version=dev, empty://192.168.29.1/cn.mldn.dibmp.service.IMemberService?application=mldn-service-member&category=configurators&dubbo=2.5.6&interface=cn.mldn.dibmp.service.IMemberService&methods=getRoleAndActionByMember,get&pid=5572&revision=dev&side=consumer&timestamp=1510304153873&version=dev, empty://192.168.29.1/cn.mldn.dibmp.service.IMemberService?application=mldn-service-member&category=routers&dubbo=2.5.6&interface=cn.mldn.dibmp.service.IMemberService&methods=getRoleAndActionByMember,get&pid=5572&revision=dev&side=consumer&timestamp=1510304153873&version=dev], dubbo version: 2.5.6, current host: 192.168.29.1
2017-11-10 16:55:56,246 INFO [com.alibaba.dubbo.remoting.transport.AbstractClient] -  [DUBBO] Successed connect to server /192.168.29.1:9327 from NettyClient 192.168.29.1 using dubbo version 2.5.6, channel is NettyChannel [channel=[id: 0x348e200e, /192.168.29.1:50918 => /192.168.29.1:9327]], dubbo version: 2.5.6, current host: 192.168.29.1
2017-11-10 16:55:56,246 INFO [com.alibaba.dubbo.remoting.transport.AbstractClient] -  [DUBBO] Start NettyClient syuutou-PC/192.168.29.1 connect to the server /192.168.29.1:9327, dubbo version: 2.5.6, current host: 192.168.29.1
2017-11-10 16:55:56,427 INFO [com.alibaba.dubbo.config.AbstractConfig] -  [DUBBO] Refer dubbo service cn.mldn.dibmp.service.IMemberService from url zookeeper://192.168.28.85:2182/com.alibaba.dubbo.registry.RegistryService?anyhost=true&application=mldn-service-member&check=false&default.timeout=10000000&dubbo=2.5.6&generic=false&interface=cn.mldn.dibmp.service.IMemberService&methods=getRoleAndActionByMember,get&pid=5572&remote.timestamp=1510295543162&revision=dev&side=consumer&timestamp=1510304153873&version=dev, dubbo version: 2.5.6, current host: 192.168.29.1
2017-11-10 16:55:57,029 INFO [com.alibaba.dubbo.config.AbstractConfig] -  [DUBBO] The service ready on spring started. service: cn.mldn.dibmp.service.IFinancialService, dubbo version: 2.5.6, current host: 192.168.29.1
2017-11-10 16:55:57,073 INFO [com.alibaba.dubbo.config.AbstractConfig] -  [DUBBO] Export dubbo service cn.mldn.dibmp.service.IFinancialService to local registry, dubbo version: 2.5.6, current host: 192.168.29.1
2017-11-10 16:55:57,073 INFO [com.alibaba.dubbo.config.AbstractConfig] -  [DUBBO] Export dubbo service cn.mldn.dibmp.service.IFinancialService to url dubbo://192.168.29.1:9326/cn.mldn.dibmp.service.IFinancialService?anyhost=true&application=mldn-service-member&default.timeout=10000000&dubbo=2.5.6&generic=false&interface=cn.mldn.dibmp.service.IFinancialService&methods=listStorageApplyDetails,addStorageApply,listSplitStorageRecord,getStorageApplyBySaid,listSplitStorageApply,addStorageRecord,listStorageApplysAll,listStorageRecordsAll,submitApply&pid=5572&revision=dev&side=provider&timestamp=1510304157036&version=dev, dubbo version: 2.5.6, current host: 192.168.29.1
2017-11-10 16:55:57,073 INFO [com.alibaba.dubbo.config.AbstractConfig] -  [DUBBO] Register dubbo service cn.mldn.dibmp.service.IFinancialService url dubbo://192.168.29.1:9326/cn.mldn.dibmp.service.IFinancialService?anyhost=true&application=mldn-service-member&default.timeout=10000000&dubbo=2.5.6&generic=false&interface=cn.mldn.dibmp.service.IFinancialService&methods=listStorageApplyDetails,addStorageApply,listSplitStorageRecord,getStorageApplyBySaid,listSplitStorageApply,addStorageRecord,listStorageApplysAll,listStorageRecordsAll,submitApply&pid=5572&revision=dev&side=provider&timestamp=1510304157036&version=dev to registry registry://192.168.28.85:2182/com.alibaba.dubbo.registry.RegistryService?application=mldn-service-member&dubbo=2.5.6&pid=5572&registry=zookeeper&timestamp=1510304157036, dubbo version: 2.5.6, current host: 192.168.29.1
2017-11-10 16:55:57,121 INFO [com.alibaba.dubbo.remoting.transport.AbstractServer] -  [DUBBO] Start NettyServer bind /0.0.0.0:9326, export /192.168.29.1:9326, dubbo version: 2.5.6, current host: 192.168.29.1
2017-11-10 16:55:57,135 INFO [com.alibaba.dubbo.registry.zookeeper.ZookeeperRegistry] -  [DUBBO] Register: dubbo://192.168.29.1:9326/cn.mldn.dibmp.service.IFinancialService?anyhost=true&application=mldn-service-member&default.timeout=10000000&dubbo=2.5.6&generic=false&interface=cn.mldn.dibmp.service.IFinancialService&methods=listStorageApplyDetails,addStorageApply,listSplitStorageRecord,getStorageApplyBySaid,listSplitStorageApply,addStorageRecord,listStorageApplysAll,listStorageRecordsAll,submitApply&pid=5572&revision=dev&side=provider&timestamp=1510304157036&version=dev, dubbo version: 2.5.6, current host: 192.168.29.1
2017-11-10 16:55:57,276 INFO [com.alibaba.dubbo.registry.zookeeper.ZookeeperRegistry] -  [DUBBO] Subscribe: provider://192.168.29.1:9326/cn.mldn.dibmp.service.IFinancialService?anyhost=true&application=mldn-service-member&category=configurators&check=false&default.timeout=10000000&dubbo=2.5.6&generic=false&interface=cn.mldn.dibmp.service.IFinancialService&methods=listStorageApplyDetails,addStorageApply,listSplitStorageRecord,getStorageApplyBySaid,listSplitStorageApply,addStorageRecord,listStorageApplysAll,listStorageRecordsAll,submitApply&pid=5572&revision=dev&side=provider&timestamp=1510304157036&version=dev, dubbo version: 2.5.6, current host: 192.168.29.1
2017-11-10 16:55:57,489 INFO [com.alibaba.dubbo.registry.zookeeper.ZookeeperRegistry] -  [DUBBO] Notify urls for subscribe url provider://192.168.29.1:9326/cn.mldn.dibmp.service.IFinancialService?anyhost=true&application=mldn-service-member&category=configurators&check=false&default.timeout=10000000&dubbo=2.5.6&generic=false&interface=cn.mldn.dibmp.service.IFinancialService&methods=listStorageApplyDetails,addStorageApply,listSplitStorageRecord,getStorageApplyBySaid,listSplitStorageApply,addStorageRecord,listStorageApplysAll,listStorageRecordsAll,submitApply&pid=5572&revision=dev&side=provider&timestamp=1510304157036&version=dev, urls: [empty://192.168.29.1:9326/cn.mldn.dibmp.service.IFinancialService?anyhost=true&application=mldn-service-member&category=configurators&check=false&default.timeout=10000000&dubbo=2.5.6&generic=false&interface=cn.mldn.dibmp.service.IFinancialService&methods=listStorageApplyDetails,addStorageApply,listSplitStorageRecord,getStorageApplyBySaid,listSplitStorageApply,addStorageRecord,listStorageApplysAll,listStorageRecordsAll,submitApply&pid=5572&revision=dev&side=provider&timestamp=1510304157036&version=dev], dubbo version: 2.5.6, current host: 192.168.29.1
2017-11-10 16:55:57,503 INFO [com.alibaba.dubbo.container.Main] -  [DUBBO] Dubbo SpringContainer started!, dubbo version: 2.5.6, current host: 192.168.29.1
2017-11-10 16:56:12,026 ERROR [com.alibaba.dubbo.rpc.filter.ExceptionFilter] -  [DUBBO] Got unchecked and undeclared exception which called by 192.168.29.1. service: cn.mldn.dibmp.service.IFinancialService, method: submitApply, exception: org.springframework.jdbc.BadSqlGrammarException: 
### Error updating database.  Cause: com.mysql.jdbc.exceptions.jdbc4.MySQLSyntaxErrorException: Unknown column 'said2' in 'where clause'
### The error may involve cn.mldn.dibmp.dao.IStorageApplyDAO.updateStatusTo2-Inline
### The error occurred while setting parameters
### SQL: update storage_apply set status=2 where said2 =?
### Cause: com.mysql.jdbc.exceptions.jdbc4.MySQLSyntaxErrorException: Unknown column 'said2' in 'where clause'
; bad SQL grammar []; nested exception is com.mysql.jdbc.exceptions.jdbc4.MySQLSyntaxErrorException: Unknown column 'said2' in 'where clause', dubbo version: 2.5.6, current host: 192.168.29.1
org.springframework.jdbc.BadSqlGrammarException: 
### Error updating database.  Cause: com.mysql.jdbc.exceptions.jdbc4.MySQLSyntaxErrorException: Unknown column 'said2' in 'where clause'
### The error may involve cn.mldn.dibmp.dao.IStorageApplyDAO.updateStatusTo2-Inline
### The error occurred while setting parameters
### SQL: update storage_apply set status=2 where said2 =?
### Cause: com.mysql.jdbc.exceptions.jdbc4.MySQLSyntaxErrorException: Unknown column 'said2' in 'where clause'
; bad SQL grammar []; nested exception is com.mysql.jdbc.exceptions.jdbc4.MySQLSyntaxErrorException: Unknown column 'said2' in 'where clause'
	at org.springframework.jdbc.support.SQLErrorCodeSQLExceptionTranslator.doTranslate(SQLErrorCodeSQLExceptionTranslator.java:235)
	at org.springframework.jdbc.support.AbstractFallbackSQLExceptionTranslator.translate(AbstractFallbackSQLExceptionTranslator.java:72)
	at org.mybatis.spring.MyBatisExceptionTranslator.translateExceptionIfPossible(MyBatisExceptionTranslator.java:73)
	at org.mybatis.spring.SqlSessionTemplate$SqlSessionInterceptor.invoke(SqlSessionTemplate.java:446)
	at com.sun.proxy.$Proxy17.update(Unknown Source)
	at org.mybatis.spring.SqlSessionTemplate.update(SqlSessionTemplate.java:294)
	at org.apache.ibatis.binding.MapperMethod.execute(MapperMethod.java:62)
	at org.apache.ibatis.binding.MapperProxy.invoke(MapperProxy.java:59)
	at com.sun.proxy.$Proxy21.updateStatusTo2(Unknown Source)
	at cn.mldn.dibmp.service.impl.FinancialServiceImpl.submitApply(FinancialServiceImpl.java:171)
	at sun.reflect.NativeMethodAccessorImpl.invoke0(Native Method)
	at sun.reflect.NativeMethodAccessorImpl.invoke(NativeMethodAccessorImpl.java:62)
	at sun.reflect.DelegatingMethodAccessorImpl.invoke(DelegatingMethodAccessorImpl.java:43)
	at java.lang.reflect.Method.invoke(Method.java:497)
	at org.springframework.aop.support.AopUtils.invokeJoinpointUsingReflection(AopUtils.java:338)
	at org.springframework.aop.framework.ReflectiveMethodInvocation.invokeJoinpoint(ReflectiveMethodInvocation.java:197)
	at org.springframework.aop.framework.ReflectiveMethodInvocation.proceed(ReflectiveMethodInvocation.java:163)
	at org.springframework.transaction.interceptor.TransactionAspectSupport.invokeWithinTransaction(TransactionAspectSupport.java:294)
	at org.springframework.transaction.interceptor.TransactionInterceptor.invoke(TransactionInterceptor.java:98)
	at org.springframework.aop.framework.ReflectiveMethodInvocation.proceed(ReflectiveMethodInvocation.java:185)
	at org.springframework.aop.interceptor.ExposeInvocationInterceptor.invoke(ExposeInvocationInterceptor.java:92)
	at org.springframework.aop.framework.ReflectiveMethodInvocation.proceed(ReflectiveMethodInvocation.java:185)
	at org.springframework.aop.framework.JdkDynamicAopProxy.invoke(JdkDynamicAopProxy.java:212)
	at com.sun.proxy.$Proxy25.submitApply(Unknown Source)
	at com.alibaba.dubbo.common.bytecode.Wrapper1.invokeMethod(Wrapper1.java)
	at com.alibaba.dubbo.rpc.proxy.javassist.JavassistProxyFactory$1.doInvoke(JavassistProxyFactory.java:46)
	at com.alibaba.dubbo.rpc.proxy.AbstractProxyInvoker.invoke(AbstractProxyInvoker.java:72)
	at com.alibaba.dubbo.rpc.protocol.InvokerWrapper.invoke(InvokerWrapper.java:53)
	at com.alibaba.dubbo.rpc.filter.ExceptionFilter.invoke(ExceptionFilter.java:64)
	at com.alibaba.dubbo.rpc.protocol.ProtocolFilterWrapper$1.invoke(ProtocolFilterWrapper.java:69)
	at com.alibaba.dubbo.monitor.support.MonitorFilter.invoke(MonitorFilter.java:75)
	at com.alibaba.dubbo.rpc.protocol.ProtocolFilterWrapper$1.invoke(ProtocolFilterWrapper.java:69)
	at com.alibaba.dubbo.rpc.filter.TimeoutFilter.invoke(TimeoutFilter.java:42)
	at com.alibaba.dubbo.rpc.protocol.ProtocolFilterWrapper$1.invoke(ProtocolFilterWrapper.java:69)
	at com.alibaba.dubbo.rpc.protocol.dubbo.filter.TraceFilter.invoke(TraceFilter.java:78)
	at com.alibaba.dubbo.rpc.protocol.ProtocolFilterWrapper$1.invoke(ProtocolFilterWrapper.java:69)
	at com.alibaba.dubbo.rpc.filter.ContextFilter.invoke(ContextFilter.java:61)
	at com.alibaba.dubbo.rpc.protocol.ProtocolFilterWrapper$1.invoke(ProtocolFilterWrapper.java:69)
	at com.alibaba.dubbo.rpc.filter.GenericFilter.invoke(GenericFilter.java:132)
	at com.alibaba.dubbo.rpc.protocol.ProtocolFilterWrapper$1.invoke(ProtocolFilterWrapper.java:69)
	at com.alibaba.dubbo.rpc.filter.ClassLoaderFilter.invoke(ClassLoaderFilter.java:38)
	at com.alibaba.dubbo.rpc.protocol.ProtocolFilterWrapper$1.invoke(ProtocolFilterWrapper.java:69)
	at com.alibaba.dubbo.rpc.filter.EchoFilter.invoke(EchoFilter.java:38)
	at com.alibaba.dubbo.rpc.protocol.ProtocolFilterWrapper$1.invoke(ProtocolFilterWrapper.java:69)
	at com.alibaba.dubbo.rpc.protocol.dubbo.DubboProtocol$1.reply(DubboProtocol.java:100)
	at com.alibaba.dubbo.remoting.exchange.support.header.HeaderExchangeHandler.handleRequest(HeaderExchangeHandler.java:98)
	at com.alibaba.dubbo.remoting.exchange.support.header.HeaderExchangeHandler.received(HeaderExchangeHandler.java:170)
	at com.alibaba.dubbo.remoting.transport.DecodeHandler.received(DecodeHandler.java:52)
	at com.alibaba.dubbo.remoting.transport.dispatcher.ChannelEventRunnable.run(ChannelEventRunnable.java:81)
	at java.util.concurrent.ThreadPoolExecutor.runWorker(ThreadPoolExecutor.java:1142)
	at java.util.concurrent.ThreadPoolExecutor$Worker.run(ThreadPoolExecutor.java:617)
	at java.lang.Thread.run(Thread.java:745)
Caused by: com.mysql.jdbc.exceptions.jdbc4.MySQLSyntaxErrorException: Unknown column 'said2' in 'where clause'
	at sun.reflect.NativeConstructorAccessorImpl.newInstance0(Native Method)
	at sun.reflect.NativeConstructorAccessorImpl.newInstance(NativeConstructorAccessorImpl.java:62)
	at sun.reflect.DelegatingConstructorAccessorImpl.newInstance(DelegatingConstructorAccessorImpl.java:45)
	at java.lang.reflect.Constructor.newInstance(Constructor.java:422)
	at com.mysql.jdbc.Util.handleNewInstance(Util.java:406)
	at com.mysql.jdbc.Util.getInstance(Util.java:381)
	at com.mysql.jdbc.SQLError.createSQLException(SQLError.java:1031)
	at com.mysql.jdbc.SQLError.createSQLException(SQLError.java:957)
	at com.mysql.jdbc.MysqlIO.checkErrorPacket(MysqlIO.java:3376)
	at com.mysql.jdbc.MysqlIO.checkErrorPacket(MysqlIO.java:3308)
	at com.mysql.jdbc.MysqlIO.sendCommand(MysqlIO.java:1837)
	at com.mysql.jdbc.MysqlIO.sqlQueryDirect(MysqlIO.java:1961)
	at com.mysql.jdbc.ConnectionImpl.execSQL(ConnectionImpl.java:2543)
	at com.mysql.jdbc.PreparedStatement.executeInternal(PreparedStatement.java:1737)
	at com.mysql.jdbc.PreparedStatement.execute(PreparedStatement.java:998)
	at com.alibaba.druid.filter.FilterChainImpl.preparedStatement_execute(FilterChainImpl.java:3051)
	at com.alibaba.druid.filter.FilterEventAdapter.preparedStatement_execute(FilterEventAdapter.java:440)
	at com.alibaba.druid.filter.FilterChainImpl.preparedStatement_execute(FilterChainImpl.java:3049)
	at com.alibaba.druid.proxy.jdbc.PreparedStatementProxyImpl.execute(PreparedStatementProxyImpl.java:167)
	at com.alibaba.druid.pool.DruidPooledPreparedStatement.execute(DruidPooledPreparedStatement.java:494)
	at sun.reflect.GeneratedMethodAccessor10.invoke(Unknown Source)
	at sun.reflect.DelegatingMethodAccessorImpl.invoke(DelegatingMethodAccessorImpl.java:43)
	at java.lang.reflect.Method.invoke(Method.java:497)
	at org.apache.ibatis.logging.jdbc.PreparedStatementLogger.invoke(PreparedStatementLogger.java:59)
	at com.sun.proxy.$Proxy27.execute(Unknown Source)
	at org.apache.ibatis.executor.statement.PreparedStatementHandler.update(PreparedStatementHandler.java:46)
	at org.apache.ibatis.executor.statement.RoutingStatementHandler.update(RoutingStatementHandler.java:74)
	at org.apache.ibatis.executor.SimpleExecutor.doUpdate(SimpleExecutor.java:50)
	at org.apache.ibatis.executor.BaseExecutor.update(BaseExecutor.java:117)
	at org.apache.ibatis.executor.CachingExecutor.update(CachingExecutor.java:76)
	at org.apache.ibatis.session.defaults.DefaultSqlSession.update(DefaultSqlSession.java:198)
	at sun.reflect.NativeMethodAccessorImpl.invoke0(Native Method)
	at sun.reflect.NativeMethodAccessorImpl.invoke(NativeMethodAccessorImpl.java:62)
	at sun.reflect.DelegatingMethodAccessorImpl.invoke(DelegatingMethodAccessorImpl.java:43)
	at java.lang.reflect.Method.invoke(Method.java:497)
	at org.mybatis.spring.SqlSessionTemplate$SqlSessionInterceptor.invoke(SqlSessionTemplate.java:433)
	... 48 more
